# JRE version: OpenJDK Runtime Environment (11.0.13) (build 11.0.13+0-b1751.21-8125866)
# Java VM: OpenJDK 64-Bit Server VM (11.0.13+0-b1751.21-8125866, mixed mode, tiered, compressed oops, g1 gc, windows-amd64)
Heap:
 garbage-first heap   total 157696K, used 27544K [0x0000000081200000, 0x0000000100000000)
  region size 1024K, 7 young (7168K), 7 survivors (7168K)
 Metaspace       used 45801K, capacity 46363K, committed 46672K, reserved 1091584K
  class space    used 5399K, capacity 5605K, committed 5632K, reserved 1048576K
GC Heap History (9 events):
Event: 0.874 GC heap before
{Heap before GC invocations=0 (full 0):
 garbage-first heap   total 131072K, used 17408K [0x0000000081200000, 0x0000000100000000)
  region size 1024K, 14 young (14336K), 0 survivors (0K)
 Metaspace       used 9810K, capacity 9906K, committed 10112K, reserved 1058816K
  class space    used 826K, capacity 853K, committed 896K, reserved 1048576K
}
Event: 0.879 GC heap after
{Heap after GC invocations=1 (full 0):
 garbage-first heap   total 131072K, used 5221K [0x0000000081200000, 0x0000000100000000)
  region size 1024K, 2 young (2048K), 2 survivors (2048K)
 Metaspace       used 9810K, capacity 9906K, committed 10112K, reserved 1058816K
  class space    used 826K, capacity 853K, committed 896K, reserved 1048576K
}
Event: 2.812 GC heap before
{Heap before GC invocations=1 (full 0):
 garbage-first heap   total 131072K, used 50277K [0x0000000081200000, 0x0000000100000000)
  region size 1024K, 47 young (48128K), 2 survivors (2048K)
 Metaspace       used 20891K, capacity 21142K, committed 21296K, reserved 1069056K
  class space    used 2237K, capacity 2347K, committed 2432K, reserved 1048576K
}
Event: 2.839 GC heap after
{Heap after GC invocations=2 (full 0):
 garbage-first heap   total 131072K, used 9098K [0x0000000081200000, 0x0000000100000000)
  region size 1024K, 6 young (6144K), 6 survivors (6144K)
 Metaspace       used 20891K, capacity 21142K, committed 21296K, reserved 1069056K
  class space    used 2237K, capacity 2347K, committed 2432K, reserved 1048576K
}
Event: 4.591 GC heap before
{Heap before GC invocations=3 (full 0):
 garbage-first heap   total 131072K, used 61322K [0x0000000081200000, 0x0000000100000000)
  region size 1024K, 52 young (53248K), 6 survivors (6144K)
 Metaspace       used 31106K, capacity 31635K, committed 31792K, reserved 1077248K
  class space    used 3702K, capacity 3907K, committed 3968K, reserved 1048576K
}
Event: 4.627 GC heap after
{Heap after GC invocations=4 (full 0):
 garbage-first heap   total 131072K, used 21074K [0x0000000081200000, 0x0000000100000000)
  region size 1024K, 7 young (7168K), 7 survivors (7168K)
 Metaspace       used 31106K, capacity 31635K, committed 31792K, reserved 1077248K
  class space    used 3702K, capacity 3907K, committed 3968K, reserved 1048576K
}
Event: 5.626 GC heap before
{Heap before GC invocations=4 (full 0):
 garbage-first heap   total 131072K, used 37458K [0x0000000081200000, 0x0000000100000000)
  region size 1024K, 24 young (24576K), 7 survivors (7168K)
 Metaspace       used 35382K, capacity 35852K, committed 35920K, reserved 1081344K
  class space    used 4385K, capacity 4587K, committed 4608K, reserved 1048576K
}
Event: 5.648 GC heap after
{Heap after GC invocations=5 (full 0):
 garbage-first heap   total 131072K, used 22352K [0x0000000081200000, 0x0000000100000000)
  region size 1024K, 2 young (2048K), 2 survivors (2048K)
 Metaspace       used 35382K, capacity 35852K, committed 35920K, reserved 1081344K
  class space    used 4385K, capacity 4587K, committed 4608K, reserved 1048576K
}
Event: 8.201 GC heap before
{Heap before GC invocations=6 (full 0):
 garbage-first heap   total 131072K, used 77648K [0x0000000081200000, 0x0000000100000000)
  region size 1024K, 54 young (55296K), 2 survivors (2048K)
 Metaspace       used 45801K, capacity 46363K, committed 46672K, reserved 1091584K
  class space    used 5399K, capacity 5605K, committed 5632K, reserved 1048576K
}

