# JRE version: OpenJDK Runtime Environment (11.0.13) (build 11.0.13+0-b1751.21-8125866)
# Java VM: OpenJDK 64-Bit Server VM (11.0.13+0-b1751.21-8125866, mixed mode, tiered, compressed oops, g1 gc, windows-amd64)
Heap:
 garbage-first heap   total 816128K, used 313344K [0x0000000080000000, 0x0000000100000000)
  region size 1024K, 5 young (5120K), 5 survivors (5120K)
 Metaspace       used 157278K, capacity 162809K, committed 163108K, reserved 1191936K
  class space    used 19583K, capacity 21638K, committed 21708K, reserved 1048576K
GC Heap History (20 events):
Event: 7205.598 GC heap after
{Heap after GC invocations=118 (full 0):
 garbage-first heap   total 364544K, used 254330K [0x0000000080000000, 0x0000000100000000)
  region size 1024K, 1 young (1024K), 1 survivors (1024K)
 Metaspace       used 155836K, capacity 161210K, committed 161316K, reserved 1189888K
  class space    used 19423K, capacity 21398K, committed 21452K, reserved 1048576K
}
Event: 7206.187 GC heap before
{Heap before GC invocations=118 (full 0):
 garbage-first heap   total 364544K, used 296314K [0x0000000080000000, 0x0000000100000000)
  region size 1024K, 43 young (44032K), 1 survivors (1024K)
 Metaspace       used 156091K, capacity 161462K, committed 161572K, reserved 1189888K
  class space    used 19444K, capacity 21435K, committed 21452K, reserved 1048576K
}
Event: 7206.197 GC heap after
{Heap after GC invocations=119 (full 0):
 garbage-first heap   total 364544K, used 257289K [0x0000000080000000, 0x0000000100000000)
  region size 1024K, 4 young (4096K), 4 survivors (4096K)
 Metaspace       used 156091K, capacity 161462K, committed 161572K, reserved 1189888K
  class space    used 19444K, capacity 21435K, committed 21452K, reserved 1048576K
}
Event: 7206.718 GC heap before
{Heap before GC invocations=119 (full 0):
 garbage-first heap   total 364544K, used 302345K [0x0000000080000000, 0x0000000100000000)
  region size 1024K, 48 young (49152K), 4 survivors (4096K)
 Metaspace       used 156203K, capacity 161582K, committed 161828K, reserved 1189888K
  class space    used 19455K, capacity 21451K, committed 21452K, reserved 1048576K
}
Event: 7206.731 GC heap after
{Heap after GC invocations=120 (full 0):
 garbage-first heap   total 364544K, used 260247K [0x0000000080000000, 0x0000000100000000)
  region size 1024K, 3 young (3072K), 3 survivors (3072K)
 Metaspace       used 156203K, capacity 161582K, committed 161828K, reserved 1189888K
  class space    used 19455K, capacity 21451K, committed 21452K, reserved 1048576K
}
Event: 7207.155 GC heap before
{Heap before GC invocations=120 (full 0):
 garbage-first heap   total 364544K, used 304279K [0x0000000080000000, 0x0000000100000000)
  region size 1024K, 47 young (48128K), 3 survivors (3072K)
 Metaspace       used 156245K, capacity 161593K, committed 161828K, reserved 1189888K
  class space    used 19455K, capacity 21451K, committed 21452K, reserved 1048576K
}
Event: 7207.163 GC heap after
{Heap after GC invocations=121 (full 0):
 garbage-first heap   total 364544K, used 262743K [0x0000000080000000, 0x0000000100000000)
  region size 1024K, 6 young (6144K), 6 survivors (6144K)
 Metaspace       used 156245K, capacity 161593K, committed 161828K, reserved 1189888K
  class space    used 19455K, capacity 21451K, committed 21452K, reserved 1048576K
}
Event: 7207.539 GC heap before
{Heap before GC invocations=121 (full 0):
 garbage-first heap   total 364544K, used 305751K [0x0000000080000000, 0x0000000100000000)
  region size 1024K, 49 young (50176K), 6 survivors (6144K)
 Metaspace       used 156555K, capacity 162002K, committed 162212K, reserved 1189888K
  class space    used 19512K, capacity 21544K, committed 21580K, reserved 1048576K
}
Event: 7207.554 GC heap after
{Heap after GC invocations=122 (full 0):
 garbage-first heap   total 364544K, used 265585K [0x0000000080000000, 0x0000000100000000)
  region size 1024K, 7 young (7168K), 7 survivors (7168K)
 Metaspace       used 156555K, capacity 162002K, committed 162212K, reserved 1189888K
  class space    used 19512K, capacity 21544K, committed 21580K, reserved 1048576K
}
Event: 7207.921 GC heap before
{Heap before GC invocations=122 (full 0):
 garbage-first heap   total 364544K, used 308593K [0x0000000080000000, 0x0000000100000000)
  region size 1024K, 50 young (51200K), 7 survivors (7168K)
 Metaspace       used 156716K, capacity 162178K, committed 162212K, reserved 1189888K
  class space    used 19518K, capacity 21556K, committed 21580K, reserved 1048576K
}
Event: 7207.976 GC heap after
{Heap after GC invocations=123 (full 0):
 garbage-first heap   total 364544K, used 270720K [0x0000000080000000, 0x0000000100000000)
  region size 1024K, 6 young (6144K), 6 survivors (6144K)
 Metaspace       used 156716K, capacity 162178K, committed 162212K, reserved 1189888K
  class space    used 19518K, capacity 21556K, committed 21580K, reserved 1048576K
}
Event: 7208.283 GC heap before
{Heap before GC invocations=123 (full 0):
 garbage-first heap   total 364544K, used 310656K [0x0000000080000000, 0x0000000100000000)
  region size 1024K, 46 young (47104K), 6 survivors (6144K)
 Metaspace       used 156826K, capacity 162315K, committed 162468K, reserved 1189888K
  class space    used 19532K, capacity 21559K, committed 21580K, reserved 1048576K
}
Event: 7208.312 GC heap after
{Heap after GC invocations=124 (full 0):
 garbage-first heap   total 495616K, used 274622K [0x0000000080000000, 0x0000000100000000)
  region size 1024K, 4 young (4096K), 4 survivors (4096K)
 Metaspace       used 156826K, capacity 162315K, committed 162468K, reserved 1189888K
  class space    used 19532K, capacity 21559K, committed 21580K, reserved 1048576K
}
Event: 7209.261 GC heap before
{Heap before GC invocations=124 (full 0):
 garbage-first heap   total 495616K, used 374974K [0x0000000080000000, 0x0000000100000000)
  region size 1024K, 103 young (105472K), 4 survivors (4096K)
 Metaspace       used 156952K, capacity 162477K, committed 162724K, reserved 1189888K
  class space    used 19533K, capacity 21561K, committed 21580K, reserved 1048576K
}
Event: 7209.293 GC heap after
{Heap after GC invocations=125 (full 0):
 garbage-first heap   total 495616K, used 283020K [0x0000000080000000, 0x0000000100000000)
  region size 1024K, 13 young (13312K), 13 survivors (13312K)
 Metaspace       used 156952K, capacity 162477K, committed 162724K, reserved 1189888K
  class space    used 19533K, capacity 21561K, committed 21580K, reserved 1048576K
}
Event: 7210.187 GC heap before
{Heap before GC invocations=125 (full 0):
 garbage-first heap   total 495616K, used 385420K [0x0000000080000000, 0x0000000100000000)
  region size 1024K, 114 young (116736K), 13 survivors (13312K)
 Metaspace       used 156981K, capacity 162478K, committed 162724K, reserved 1189888K
  class space    used 19533K, capacity 21561K, committed 21580K, reserved 1048576K
}
Event: 7210.292 GC heap after
{Heap after GC invocations=126 (full 0):
 garbage-first heap   total 495616K, used 294683K [0x0000000080000000, 0x0000000100000000)
  region size 1024K, 15 young (15360K), 15 survivors (15360K)
 Metaspace       used 156981K, capacity 162478K, committed 162724K, reserved 1189888K
  class space    used 19533K, capacity 21561K, committed 21580K, reserved 1048576K
}
Event: 7211.184 GC heap before
{Heap before GC invocations=126 (full 0):
 garbage-first heap   total 495616K, used 395035K [0x0000000080000000, 0x0000000100000000)
  region size 1024K, 113 young (115712K), 15 survivors (15360K)
 Metaspace       used 157075K, capacity 162587K, committed 162724K, reserved 1189888K
  class space    used 19538K, capacity 21568K, committed 21580K, reserved 1048576K
}
Event: 7211.249 GC heap after
{Heap after GC invocations=127 (full 0):
 garbage-first heap   total 495616K, used 307394K [0x0000000080000000, 0x0000000100000000)
  region size 1024K, 15 young (15360K), 15 survivors (15360K)
 Metaspace       used 157075K, capacity 162587K, committed 162724K, reserved 1189888K
  class space    used 19538K, capacity 21568K, committed 21580K, reserved 1048576K
}
Event: 7212.304 GC heap before
{Heap before GC invocations=127 (full 0):
 garbage-first heap   total 495616K, used 402626K [0x0000000080000000, 0x0000000100000000)
  region size 1024K, 107 young (109568K), 15 survivors (15360K)
 Metaspace       used 157278K, capacity 162809K, committed 163108K, reserved 1191936K
  class space    used 19583K, capacity 21638K, committed 21708K, reserved 1048576K
}

